app/build/intermediates/manifest_merge_blame_file/debug/manifest-merger-blame-debug-report.txt
1<?xml version="1.0" encoding="utf-8"?>
2<manifest xmlns:android="http://schemas.android.com/apk/res/android"
3    package="com.example.Sunny.QuizApp"
4    android:versionCode="1"
5    android:versionName="1.0" >
6
7    <uses-sdk
8        android:minSdkVersion="16"
8-->src\main\AndroidManifest.xml
9        android:targetSdkVersion="28" />
9-->src\main\AndroidManifest.xml
10
11    <application
11-->src\main\AndroidManifest.xml:5:5-26:19
12        android:allowBackup="true"
12-->src\main\AndroidManifest.xml:6:9-35
13        android:appComponentFactory="android.support.v4.app.CoreComponentFactory"
13-->[com.android.support:support-compat:28.0.0] AndroidManifest.xml:22:18-91
14        android:debuggable="true"
15        android:label="@string/app_name"
15-->src\main\AndroidManifest.xml:8:9-41
16        android:supportsRtl="true"
16-->src\main\AndroidManifest.xml:9:9-35
17        android:testOnly="true"
18        android:theme="@style/AppTheme" >
18-->src\main\AndroidManifest.xml:10:9-40
19        <activity android:name="com.example.Sunny.QuizApp.MainActivity" >
19-->src\main\AndroidManifest.xml:11:9-17:20
19-->src\main\AndroidManifest.xml:11:19-47
20            <intent-filter>
20-->src\main\AndroidManifest.xml:12:13-16:29
21                <action android:name="android.intent.action.MAIN" />
21-->src\main\AndroidManifest.xml:13:17-69
21-->src\main\AndroidManifest.xml:13:25-66
22
23                <category android:name="android.intent.category.LAUNCHER" />
23-->src\main\AndroidManifest.xml:15:17-77
23-->src\main\AndroidManifest.xml:15:27-74
24            </intent-filter>
25        </activity>
26        <activity android:name="com.example.Sunny.QuizApp.QuestionsActivity" >
26-->src\main\AndroidManifest.xml:18:9-24:20
26-->src\main\AndroidManifest.xml:18:19-52
27            <intent-filter>
27-->src\main\AndroidManifest.xml:19:13-23:29
28                <action android:name="com.example.Sunny.QuizApp.QuestionsActivity" />
28-->src\main\AndroidManifest.xml:20:17-86
28-->src\main\AndroidManifest.xml:20:25-83
29
30                <category android:name="android.intent.category.DEFAULT" />
30-->src\main\AndroidManifest.xml:22:17-76
30-->src\main\AndroidManifest.xml:22:27-73
31            </intent-filter>
32        </activity>
33        <activity android:name="com.example.Sunny.QuizApp.ResultActivity" />
33-->src\main\AndroidManifest.xml:25:9-61
33-->src\main\AndroidManifest.xml:25:19-49
34    </application>
35
36</manifest>